************** Start Log For Day : '2022-08-25 11:37:12am'**********
select ID from tbluser where  Email='jatin@gmail.com' && Password='e10adc3949ba59abbe56e057f20f883e' 
************** END Log For Day : '2022-08-25 11:37:12am'**********
************** Start Log For Day : '2022-08-25 11:37:17am'**********
select ID from tbluser where  Email='jatin@gmail.com' && Password='e10adc3949ba59abbe56e057f20f883e' 
************** END Log For Day : '2022-08-25 11:37:17am'**********
************** Start Log For Day : '2022-08-25 11:37:34am'**********
select ID from tbluser where  Email='jatin@gmail.com' && Password='e10adc3949ba59abbe56e057f20f883e' 
************** END Log For Day : '2022-08-25 11:37:34am'**********
************** Start Log For Day : '2022-08-25 11:37:43am'**********
select ID from tbluser where  Email='jatin@gmail.com' && Password='e10adc3949ba59abbe56e057f20f883e' 
************** END Log For Day : '2022-08-25 11:37:43am'**********
************** Start Log For Day : '2022-08-25 11:37:49am'**********
select ID from tbluser where  Email='jatin@gmail.com' and MobileNumber='9810619701' 
************** END Log For Day : '2022-08-25 11:37:49am'**********
************** Start Log For Day : '2022-08-25 11:37:57am'**********
update tbluser set Password='e10adc3949ba59abbe56e057f20f883e'  where  Email='jatin@gmail.com' && MobileNumber='9810619701' 
************** END Log For Day : '2022-08-25 11:37:57am'**********
************** Start Log For Day : '2022-08-25 11:38:05am'**********
select ID from tbluser where  Email='jatin@gmail.com' && Password='e10adc3949ba59abbe56e057f20f883e' 
************** END Log For Day : '2022-08-25 11:38:05am'**********
************** Start Log For Day : '2022-08-25 11:38:27am'**********
insert into tblexpense(UserId,ExpenseDate,ExpenseItem,ExpenseCost,Quantity) value('7','2022-08-25','mithai','50','4')
************** END Log For Day : '2022-08-25 11:38:27am'**********


************** Start Log For Day : '2022-08-25 11:44:37am'**********
select ID from tbluser where  Email='jatin@gmail.com' && Password='e10adc3949ba59abbe56e057f20f883e' 
************** END Log For Day : '2022-08-25 11:44:37am'**********
************** Start Log For Day : '2022-08-25 11:44:49am'**********
insert into tblexpense(UserId,ExpenseDate,ExpenseItem,ExpenseCost,Quantity) value('7','2022-08-25','tea','57','2')
************** END Log For Day : '2022-08-25 11:44:49am'**********

************** Start Log For Day : '2022-08-25 11:44:59am'**********
insert into tblexpense(UserId,ExpenseDate,ExpenseItem,ExpenseCost,Quantity) value('7','2022-08-17','server','35000','4')
************** END Log For Day : '2022-08-25 11:44:59am'**********

************** Start Log For Day : '2022-08-25 11:45:08am'**********
insert into tblexpense(UserId,ExpenseDate,ExpenseItem,ExpenseCost,Quantity) value('7','2022-08-08','server','57','4')
************** END Log For Day : '2022-08-25 11:45:08am'**********

************** Start Log For Day : '2022-08-25 11:45:17am'**********
insert into tblexpense(UserId,ExpenseDate,ExpenseItem,ExpenseCost,Quantity) value('7','2022-08-05','ghee','57','4')
************** END Log For Day : '2022-08-25 11:45:17am'**********

************** Start Log For Day : '2022-08-25 11:45:28am'**********
insert into tblexpense(UserId,ExpenseDate,ExpenseItem,ExpenseCost,Quantity) value('7','2022-07-06','ghee','35000','4')
************** END Log For Day : '2022-08-25 11:45:28am'**********

************** Start Log For Day : '2022-08-25 11:46:20am'**********
select ID from tbluser where  Email='jatin@gmail.com' && Password='e10adc3949ba59abbe56e057f20f883e' 
************** END Log For Day : '2022-08-25 11:46:20am'**********
************** Start Log For Day : '2022-08-25 11:46:29am'**********
insert into tblexpense(UserId,ExpenseDate,ExpenseItem,ExpenseCost,Quantity) value('7','2022-08-24','sugar','35000','4')
************** END Log For Day : '2022-08-25 11:46:29am'**********

************** Start Log For Day : '2022-08-25 11:55:35am'**********
select ID from tbluser where  Email='jatin@gmail.com' && Password='e10adc3949ba59abbe56e057f20f883e' 
************** END Log For Day : '2022-08-25 11:55:35am'**********
************** Start Log For Day : '2022-08-25 12:40:08pm'**********
select ID from tbluser where  Email='jatin@gmail.com' && Password='25d55ad283aa400af464c76d713c07ad' 
************** END Log For Day : '2022-08-25 12:40:08pm'**********
************** Start Log For Day : '2022-08-25 12:40:12pm'**********
select ID from tbluser where  Email='jatin@gmail.com' && Password='25d55ad283aa400af464c76d713c07ad' 
************** END Log For Day : '2022-08-25 12:40:12pm'**********
************** Start Log For Day : '2022-08-25 12:40:20pm'**********
select ID from tbluser where  Email='jatin@gmail.com' and MobileNumber='9810619701' 
************** END Log For Day : '2022-08-25 12:40:20pm'**********
************** Start Log For Day : '2022-08-25 12:40:27pm'**********
update tbluser set Password='e10adc3949ba59abbe56e057f20f883e'  where  Email='jatin@gmail.com' && MobileNumber='9810619701' 
************** END Log For Day : '2022-08-25 12:40:27pm'**********
************** Start Log For Day : '2022-08-25 12:40:32pm'**********
select ID from tbluser where  Email='jatin@gmail.com' && Password='25d55ad283aa400af464c76d713c07ad' 
************** END Log For Day : '2022-08-25 12:40:32pm'**********
************** Start Log For Day : '2022-08-25 12:40:45pm'**********
select ID from tbluser where  Email='jatin@gmail.com' and MobileNumber='9810619701' 
************** END Log For Day : '2022-08-25 12:40:45pm'**********
************** Start Log For Day : '2022-08-25 12:40:51pm'**********
update tbluser set Password='e10adc3949ba59abbe56e057f20f883e'  where  Email='jatin@gmail.com' && MobileNumber='9810619701' 
************** END Log For Day : '2022-08-25 12:40:51pm'**********
************** Start Log For Day : '2022-08-25 12:41:00pm'**********
select ID from tbluser where  Email='jatin@gmail.com' && Password='e10adc3949ba59abbe56e057f20f883e' 
************** END Log For Day : '2022-08-25 12:41:00pm'**********
************** Start Log For Day : '2022-08-25 12:41:14pm'**********
SELECT ExpenseDate,ExpenseItem,ExpenseCost,Quantity FROM `tblexpense` where (ExpenseDate BETWEEN '2022-08-25' and '2022-08-25')&& (UserId='7') group by ExpenseDate, ExpenseItem
************** END Log For Day : '2022-08-25 12:41:14pm'**********
************** Start Log For Day : '2022-08-25 12:42:31pm'**********
select ID from tbluser where  Email='jatin@gmail.com' && Password='25d55ad283aa400af464c76d713c07ad' 
************** END Log For Day : '2022-08-25 12:42:31pm'**********
************** Start Log For Day : '2022-08-25 12:42:35pm'**********
select ID from tbluser where  Email='jatin@gmail.com' && Password='e10adc3949ba59abbe56e057f20f883e' 
************** END Log For Day : '2022-08-25 12:42:35pm'**********
************** Start Log For Day : '2022-08-25 12:42:46pm'**********
SELECT ExpenseDate,ExpenseItem,ExpenseCost,Quantity FROM `tblexpense` where (ExpenseDate BETWEEN '2022-08-01' and '2022-08-25')&& (UserId='7') group by ExpenseDate, ExpenseItem
************** END Log For Day : '2022-08-25 12:42:46pm'**********
************** Start Log For Day : '2022-08-25 12:43:04pm'**********
SELECT ExpenseDate,ExpenseItem,ExpenseCost,Quantity FROM `tblexpense` where (ExpenseDate BETWEEN '2021-11-01' and '2022-08-25')&& (UserId='7') group by ExpenseDate, ExpenseItem
************** END Log For Day : '2022-08-25 12:43:04pm'**********
************** Start Log For Day : '2022-08-25 03:02:05pm'**********
insert into tbluser(FullName, MobileNumber, Email,  Password) value('Aakash Verma', '6395079456', 'akashverma@vert-age.com', '401384210913f7da4367137682b50762' )
************** END Log For Day : '2022-08-25 03:02:05pm'**********
************** Start Log For Day : '2022-08-25 03:02:12pm'**********
select ID from tbluser where  Email='akashverma@vert-age.com' && Password='401384210913f7da4367137682b50762' 
************** END Log For Day : '2022-08-25 03:02:12pm'**********
************** Start Log For Day : '2022-08-25 03:02:23pm'**********
insert into tbluser(FullName, MobileNumber, Email,  Password) value('sharvan jha', '1234567890', 's@gmail.com', '8485ad8cdb6438da81a7edcb422668e0' )
************** END Log For Day : '2022-08-25 03:02:23pm'**********
************** Start Log For Day : '2022-08-25 03:02:43pm'**********
select ID from tbluser where  Email='sharvan@gmail.com' && Password='8485ad8cdb6438da81a7edcb422668e0' 
************** END Log For Day : '2022-08-25 03:02:43pm'**********
************** Start Log For Day : '2022-08-25 03:02:46pm'**********
select ID from tbluser where  Email='s@gmail.com' && Password='8485ad8cdb6438da81a7edcb422668e0' 
************** END Log For Day : '2022-08-25 03:02:46pm'**********
************** Start Log For Day : '2022-08-25 03:03:12pm'**********
insert into tblexpense(UserId,ExpenseDate,ExpenseItem,ExpenseCost,Quantity) value('16','2022-08-01','copy','40','2')
************** END Log For Day : '2022-08-25 03:03:12pm'**********
************** Start Log For Day : '2022-08-25 03:03:30pm'**********
insert into tblexpense(UserId,ExpenseDate,ExpenseItem,ExpenseCost,Quantity) value('16','2022-08-01','copy','40','2')
************** END Log For Day : '2022-08-25 03:03:30pm'**********

************** Start Log For Day : '2022-08-25 03:03:33pm'**********
select ID from tbluser where  Email='akashverma@vert-age.com' && Password='0a558a31e47bb6c35586eb813d437cf2' 
************** END Log For Day : '2022-08-25 03:03:33pm'**********
************** Start Log For Day : '2022-08-25 03:03:49pm'**********
select ID from tbluser where  Email='akashverma@vert-age.com' && Password='401384210913f7da4367137682b50762' 
************** END Log For Day : '2022-08-25 03:03:49pm'**********
************** Start Log For Day : '2022-08-25 03:04:10pm'**********
insert into tblexpense(UserId,ExpenseDate,ExpenseItem,ExpenseCost,Quantity) value('16','2022-08-01','Pen','40','2')
************** END Log For Day : '2022-08-25 03:04:10pm'**********

************** Start Log For Day : '2022-08-25 03:04:26pm'**********
insert into tblexpense(UserId,ExpenseDate,ExpenseItem,ExpenseCost,Quantity) value('16','2022-08-01','Tea','50','2')
************** END Log For Day : '2022-08-25 03:04:26pm'**********
************** Start Log For Day : '2022-08-25 03:04:26pm'**********
insert into tblexpense(UserId,ExpenseDate,ExpenseItem,ExpenseCost,Quantity) value('15','2021-01-01','a001','100','1')
************** END Log For Day : '2022-08-25 03:04:26pm'**********


************** Start Log For Day : '2022-08-25 03:04:35pm'**********
insert into tblexpense(UserId,ExpenseDate,ExpenseItem,ExpenseCost,Quantity) value('16','2022-08-11','Tea','50','2')
************** END Log For Day : '2022-08-25 03:04:35pm'**********

************** Start Log For Day : '2022-08-25 03:04:57pm'**********
insert into tblexpense(UserId,ExpenseDate,ExpenseItem,ExpenseCost,Quantity) value('16','2022-08-11','Suger','100','2')
************** END Log For Day : '2022-08-25 03:04:57pm'**********

************** Start Log For Day : '2022-08-25 03:05:03pm'**********
insert into tblexpense(UserId,ExpenseDate,ExpenseItem,ExpenseCost,Quantity) value('15','2021-01-13','a002','200','2')
************** END Log For Day : '2022-08-25 03:05:03pm'**********

************** Start Log For Day : '2022-08-25 03:05:14pm'**********
insert into tblexpense(UserId,ExpenseDate,ExpenseItem,ExpenseCost,Quantity) value('16','2008-07-11','Suger','100','2')
************** END Log For Day : '2022-08-25 03:05:14pm'**********

************** Start Log For Day : '2022-08-25 03:05:24pm'**********
insert into tblexpense(UserId,ExpenseDate,ExpenseItem,ExpenseCost,Quantity) value('16','2008-07-25','Suger','100','2')
************** END Log For Day : '2022-08-25 03:05:24pm'**********

************** Start Log For Day : '2022-08-25 03:05:27pm'**********
insert into tblexpense(UserId,ExpenseDate,ExpenseItem,ExpenseCost,Quantity) value('15','2021-03-27','c001','300','3')
************** END Log For Day : '2022-08-25 03:05:27pm'**********

************** Start Log For Day : '2022-08-25 03:05:59pm'**********
insert into tblexpense(UserId,ExpenseDate,ExpenseItem,ExpenseCost,Quantity) value('15','2021-03-17','abc12','400','4')
************** END Log For Day : '2022-08-25 03:05:59pm'**********

************** Start Log For Day : '2022-08-25 03:06:02pm'**********
insert into tblexpense(UserId,ExpenseDate,ExpenseItem,ExpenseCost,Quantity) value('16','2014-08-25','Suger','100','2')
************** END Log For Day : '2022-08-25 03:06:02pm'**********

************** Start Log For Day : '2022-08-25 03:06:16pm'**********
insert into tblexpense(UserId,ExpenseDate,ExpenseItem,ExpenseCost,Quantity) value('16','2014-08-25','Copy','200','2')
************** END Log For Day : '2022-08-25 03:06:16pm'**********

************** Start Log For Day : '2022-08-25 03:06:21pm'**********
UPDATE `tblexpense` SET  `ExpenseItem`='abc12',`ExpenseCost`= '4004',`Quantity`='4'  WHERE  `ID`= '34' 
************** END Log For Day : '2022-08-25 03:06:21pm'**********
UPDATE `tblexpense` SET  `ExpenseItem`='abc12',`ExpenseCost`= '4004',`Quantity`='4'  WHERE  `ID`= '34' 
************** Start Log For Day : '2022-08-25 03:06:49pm'**********
insert into tblexpense(UserId,ExpenseDate,ExpenseItem,ExpenseCost,Quantity) value('15','2021-05-16','bca','5004','12')
************** END Log For Day : '2022-08-25 03:06:49pm'**********

************** Start Log For Day : '2022-08-25 03:07:24pm'**********
insert into tblexpense(UserId,ExpenseDate,ExpenseItem,ExpenseCost,Quantity) value('16','2015-08-25','Sweets ','1200','1')
************** END Log For Day : '2022-08-25 03:07:24pm'**********

************** Start Log For Day : '2022-08-25 03:08:00pm'**********
insert into tblexpense(UserId,ExpenseDate,ExpenseItem,ExpenseCost,Quantity) value('16','2019-08-25','Server','90000','1')
************** END Log For Day : '2022-08-25 03:08:00pm'**********

************** Start Log For Day : '2022-08-25 03:08:16pm'**********
insert into tblexpense(UserId,ExpenseDate,ExpenseItem,ExpenseCost,Quantity) value('16','2020-08-12','Server','90000','1')
************** END Log For Day : '2022-08-25 03:08:16pm'**********

************** Start Log For Day : '2022-08-25 03:08:44pm'**********
insert into tblexpense(UserId,ExpenseDate,ExpenseItem,ExpenseCost,Quantity) value('16','2021-01-12','PC','10000','1')
************** END Log For Day : '2022-08-25 03:08:44pm'**********

************** Start Log For Day : '2022-08-25 03:10:00pm'**********
insert into tblexpense(UserId,ExpenseDate,ExpenseItem,ExpenseCost,Quantity) value('15','2021-09-30','Mousepad','45','100')
************** END Log For Day : '2022-08-25 03:10:00pm'**********

************** Start Log For Day : '2022-08-25 03:11:09pm'**********
insert into tblexpense(UserId,ExpenseDate,ExpenseItem,ExpenseCost,Quantity) value('15','2021-12-12','Keyboard','12','10')
************** END Log For Day : '2022-08-25 03:11:09pm'**********

************** Start Log For Day : '2022-08-25 03:11:30pm'**********
insert into tblexpense(UserId,ExpenseDate,ExpenseItem,ExpenseCost,Quantity) value('15','2022-01-01','c','100','50')
************** END Log For Day : '2022-08-25 03:11:30pm'**********

************** Start Log For Day : '2022-08-25 03:11:45pm'**********
insert into tblexpense(UserId,ExpenseDate,ExpenseItem,ExpenseCost,Quantity) value('15','2022-01-02','abc12','200','12')
************** END Log For Day : '2022-08-25 03:11:45pm'**********

************** Start Log For Day : '2022-08-25 03:12:02pm'**********
insert into tblexpense(UserId,ExpenseDate,ExpenseItem,ExpenseCost,Quantity) value('15','2022-01-03','Glass','200','50')
************** END Log For Day : '2022-08-25 03:12:02pm'**********

************** Start Log For Day : '2022-08-25 03:16:39pm'**********
select ID from tbluser where  Email='akashverma@vert-age.com' && Password='401384210913f7da4367137682b50762' 
************** END Log For Day : '2022-08-25 03:16:39pm'**********
************** Start Log For Day : '2022-08-25 03:17:25pm'**********
SELECT ExpenseItem,ExpenseCost,ExpenseDate,Quantity, month(ExpenseDate) as rptmonth,year(ExpenseDate) as rptyear FROM tblexpense  where (ExpenseDate BETWEEN '2022-01-25' and '2022-08-25') && (UserId='15') group by  ExpenseDate, ExpenseItem,month(ExpenseDate),year(ExpenseDate)
************** END Log For Day : '2022-08-25 03:17:25pm'**********
************** Start Log For Day : '2022-08-25 03:18:19pm'**********
SELECT ExpenseItem,ExpenseCost,ExpenseDate,Quantity, month(ExpenseDate) as rptmonth,year(ExpenseDate) as rptyear FROM tblexpense  where (ExpenseDate BETWEEN '2022-01-01' and '2022-08-25') && (UserId='15') group by  ExpenseDate, ExpenseItem,month(ExpenseDate),year(ExpenseDate)
************** END Log For Day : '2022-08-25 03:18:19pm'**********
************** Start Log For Day : '2022-08-25 03:19:18pm'**********
insert into tblexpense(UserId,ExpenseDate,ExpenseItem,ExpenseCost,Quantity) value('15','2022-08-25','DAARU','920','2')
************** END Log For Day : '2022-08-25 03:19:18pm'**********

************** Start Log For Day : '2022-08-25 03:23:33pm'**********
select ID from tbluser where  Email='jatin@gmail.com' && Password='e10adc3949ba59abbe56e057f20f883e' 
************** END Log For Day : '2022-08-25 03:23:33pm'**********

************** Start Log For Day : '2022-08-25 03:26:31pm'**********
select ID from tbluser where  Email='jatin@gmail.com' && Password='e10adc3949ba59abbe56e057f20f883e' 
************** END Log For Day : '2022-08-25 03:26:31pm'**********
************** Start Log For Day : '2022-08-25 03:28:49pm'**********
insert into tblexpense(UserId,ExpenseDate,ExpenseItem,ExpenseCost,Quantity) value('15','2022-08-25','CHAKHNA','500','10')
************** END Log For Day : '2022-08-25 03:28:49pm'**********

************** Start Log For Day : '2022-08-25 03:29:22pm'**********
insert into tblexpense(UserId,ExpenseDate,ExpenseItem,ExpenseCost,Quantity) value('15','2022-08-25','cigrette','220','2')
************** END Log For Day : '2022-08-25 03:29:22pm'**********

************** Start Log For Day : '2022-08-25 03:29:39pm'**********
SELECT ExpenseDate,ExpenseItem,ExpenseCost,Quantity FROM `tblexpense` where (ExpenseDate BETWEEN '2022-01-25' and '2022-08-25')&& (UserId='15') group by ExpenseDate, ExpenseItem
************** END Log For Day : '2022-08-25 03:29:39pm'**********

************** Start Log For Day : '2022-08-25 03:30:09pm'**********
SELECT ExpenseItem,ExpenseCost,ExpenseDate,Quantity, month(ExpenseDate) as rptmonth,year(ExpenseDate) as rptyear FROM tblexpense  where (ExpenseDate BETWEEN '2022-01-25' and '2022-08-25') && (UserId='15') group by  ExpenseDate, ExpenseItem,month(ExpenseDate),year(ExpenseDate)
************** END Log For Day : '2022-08-25 03:30:09pm'**********


************** Start Log For Day : '2022-08-25 03:31:10pm'**********
SELECT ExpenseItem,ExpenseCost,ExpenseDate,Quantity, month(ExpenseDate) as rptmonth,year(ExpenseDate) as rptyear FROM tblexpense  where (ExpenseDate BETWEEN '2022-01-01' and '2022-08-25') && (UserId='15') group by  ExpenseDate, ExpenseItem,month(ExpenseDate),year(ExpenseDate)
************** END Log For Day : '2022-08-25 03:31:10pm'**********
************** Start Log For Day : '2022-08-25 03:35:27pm'**********
SELECT ExpenseDate,ExpenseItem,ExpenseCost,Quantity FROM `tblexpense` where (ExpenseDate BETWEEN '2022-08-01' and '2022-08-25')&& (UserId='15') group by ExpenseDate, ExpenseItem
************** END Log For Day : '2022-08-25 03:35:27pm'**********
************** Start Log For Day : '2022-08-25 03:36:07pm'**********
select ID from tbluser where  Email='jatin@gmail.com' && Password='e10adc3949ba59abbe56e057f20f883e' 
************** END Log For Day : '2022-08-25 03:36:07pm'**********
************** Start Log For Day : '2022-08-25 03:36:17pm'**********
SELECT ExpenseDate,ExpenseItem,ExpenseCost,Quantity FROM `tblexpense` where (ExpenseDate BETWEEN '2022-08-02' and '2022-08-25')&& (UserId='7') group by ExpenseDate, ExpenseItem
************** END Log For Day : '2022-08-25 03:36:17pm'**********
************** Start Log For Day : '2022-08-25 03:36:36pm'**********
SELECT ExpenseDate,ExpenseItem,ExpenseCost,Quantity FROM `tblexpense` where (ExpenseDate BETWEEN '2022-08-25' and '2022-08-25')&& (UserId='7') group by ExpenseDate, ExpenseItem
************** END Log For Day : '2022-08-25 03:36:36pm'**********
************** Start Log For Day : '2022-08-25 03:38:05pm'**********
SELECT ExpenseDate,ExpenseItem,ExpenseCost,Quantity FROM `tblexpense` where (ExpenseDate BETWEEN '2022-08-25' and '2022-08-25')&& (UserId='7') group by ExpenseDate, ExpenseItem
************** END Log For Day : '2022-08-25 03:38:05pm'**********
************** Start Log For Day : '2022-08-25 03:39:18pm'**********
SELECT ExpenseDate,ExpenseItem,ExpenseCost,Quantity FROM `tblexpense` where (ExpenseDate BETWEEN '2022-08-25' and '2022-08-25')&& (UserId='7') group by ExpenseDate, ExpenseItem
************** END Log For Day : '2022-08-25 03:39:18pm'**********
************** Start Log For Day : '2022-08-25 03:40:12pm'**********
SELECT ExpenseDate,ExpenseItem,ExpenseCost,Quantity FROM `tblexpense` where (ExpenseDate BETWEEN '2022-08-01' and '2022-08-25')&& (UserId='15') group by ExpenseDate, ExpenseItem
************** END Log For Day : '2022-08-25 03:40:12pm'**********
************** Start Log For Day : '2022-08-25 03:41:12pm'**********
insert into tblexpense(UserId,ExpenseDate,ExpenseItem,ExpenseCost,Quantity) value('7','2022-08-25','tea','100000','2')
************** END Log For Day : '2022-08-25 03:41:12pm'**********

************** Start Log For Day : '2022-08-25 03:42:42pm'**********
select ID from tbluser where  Email='akashverma@vert-age.com' && Password='401384210913f7da4367137682b50762' 
************** END Log For Day : '2022-08-25 03:42:42pm'**********

************** Start Log For Day : '2022-08-25 03:42:59pm'**********
SELECT ExpenseDate,ExpenseItem,ExpenseCost,Quantity FROM `tblexpense` where (ExpenseDate BETWEEN '2022-08-25' and '2022-08-25')&& (UserId='7') group by ExpenseDate, ExpenseItem
************** END Log For Day : '2022-08-25 03:42:59pm'**********

************** Start Log For Day : '2022-08-25 03:43:37pm'**********
SELECT ExpenseItem,ExpenseCost,ExpenseDate,Quantity, month(ExpenseDate) as rptmonth,year(ExpenseDate) as rptyear FROM tblexpense  where (ExpenseDate BETWEEN '2022-01-01' and '2022-08-25') && (UserId='15') group by  ExpenseDate, ExpenseItem,month(ExpenseDate),year(ExpenseDate)
************** END Log For Day : '2022-08-25 03:43:37pm'**********
************** Start Log For Day : '2022-08-25 03:43:54pm'**********
SELECT ExpenseDate,ExpenseItem,ExpenseCost,Quantity FROM `tblexpense` where (ExpenseDate BETWEEN '2022-08-01' and '2022-08-25')&& (UserId='7') group by ExpenseDate, ExpenseItem
************** END Log For Day : '2022-08-25 03:43:54pm'**********
************** Start Log For Day : '2022-08-25 03:48:03pm'**********
SELECT ExpenseItem,ExpenseCost,ExpenseDate,Quantity, month(ExpenseDate) as rptmonth,year(ExpenseDate) as rptyear FROM tblexpense  where (ExpenseDate BETWEEN '2022-08-25' and '2022-08-25') && (UserId='7') group by  ExpenseDate, ExpenseItem,month(ExpenseDate),year(ExpenseDate)
************** END Log For Day : '2022-08-25 03:48:03pm'**********
************** Start Log For Day : '2022-08-25 03:53:52pm'**********
select ID from tbluser where  Email='jatin@gmail.com' && Password='e10adc3949ba59abbe56e057f20f883e' 
************** END Log For Day : '2022-08-25 03:53:52pm'**********
************** Start Log For Day : '2022-08-25 03:56:50pm'**********
select ID from tbluser where  Email='jatin@gmail.com' && Password='e10adc3949ba59abbe56e057f20f883e' 
************** END Log For Day : '2022-08-25 03:56:50pm'**********
************** Start Log For Day : '2022-08-25 03:57:36pm'**********
select ID from tbluser where  Email='jatin@gmail.com' && Password='e10adc3949ba59abbe56e057f20f883e' 
************** END Log For Day : '2022-08-25 03:57:36pm'**********
************** Start Log For Day : '2022-08-25 05:45:59pm'**********
select ID from tbluser where  Email='akashverma@vert-age.com' && Password='401384210913f7da4367137682b50762' 
************** END Log For Day : '2022-08-25 05:45:59pm'**********

************** Start Log For Day : '2022-08-25 05:51:37pm'**********
SELECT ExpenseDate,ExpenseItem,ExpenseCost,Quantity FROM `tblexpense` where (ExpenseDate BETWEEN '2022-01-25' and '2022-08-25')&& (UserId='15') group by ExpenseDate, ExpenseItem
************** END Log For Day : '2022-08-25 05:51:37pm'**********


delete from tblexpense where ID='47'

delete from tblexpense where ID='48'

delete from tblexpense where ID='49'

************** Start Log For Day : '2022-08-25 06:41:35pm'**********
select ID from tbluser where  Email='s@gmail.com' && Password='8485ad8cdb6438da81a7edcb422668e0' 
************** END Log For Day : '2022-08-25 06:41:35pm'**********

************** Start Log For Day : '2022-08-25 06:43:01pm'**********
insert into tblexpense(UserId,ExpenseDate,ExpenseItem,ExpenseCost,Quantity) value('16','2022-08-25','keyboard','200','1')
************** END Log For Day : '2022-08-25 06:43:01pm'**********

************** Start Log For Day : '2022-08-25 06:59:15pm'**********
select ID from tbluser where  Email='jatin@gmail.com' && Password='e10adc3949ba59abbe56e057f20f883e' 
************** END Log For Day : '2022-08-25 06:59:15pm'**********
************** Start Log For Day : '2022-08-25 07:00:21pm'**********
insert into tblexpense(UserId,ExpenseDate,ExpenseItem,ExpenseCost,Quantity) value('7','2022-08-26','Milk','50','1')
************** END Log For Day : '2022-08-25 07:00:21pm'**********

delete from tblexpense where ID='52'



